<?xml version="1.0" encoding="UTF-8"?>
<!-- Generated by org.testng.reporters.JUnitReportReporter -->
<testsuite hostname="LAPTOP-O1ONHJO3" failures="0" tests="1" name="com.testng.assertion.AssertVsVerify" time="0.023" errors="0" timestamp="2023-12-09T06:20:10 IST" skipped="0">
  <testcase classname="com.testng.assertion.AssertVsVerify" name="verifyMethod" time="0.023"/>
  <system-out/>
</testsuite> <!-- com.testng.assertion.AssertVsVerify -->
