<?xml version="1.0" encoding="UTF-8"?>
<!-- Generated by org.testng.reporters.JUnitReportReporter -->
<testsuite hostname="DESKTOP-L24NCKJ" failures="0" tests="2" name="com.testng.sample.Sample" time="0.023" errors="0" timestamp="2023-12-03T06:18:56 IST" skipped="0">
  <testcase classname="com.testng.sample.Sample" name="testMethod2" time="0.008"/>
  <system-out/>
  <testcase classname="com.testng.sample.Sample" name="testMethod1" time="0.015"/>
  <system-out/>
</testsuite> <!-- com.testng.sample.Sample -->
