<?xml version="1.0" encoding="UTF-8"?>
<!-- Generated by org.testng.reporters.JUnitReportReporter -->
<testsuite hostname="DESKTOP-2MOS0OO" failures="0" tests="2" name="com.dataprovider.excel.ReadExcelDataProvider" time="20.038" errors="0" timestamp="2023-12-10T15:00:34 IST" skipped="0">
  <testcase classname="com.dataprovider.excel.ReadExcelDataProvider" name="logintest" time="9.564"/>
  <system-out/>
  <testcase classname="com.dataprovider.excel.ReadExcelDataProvider" name="logintest" time="10.474"/>
  <system-out/>
</testsuite> <!-- com.dataprovider.excel.ReadExcelDataProvider -->
