<?xml version="1.0" encoding="UTF-8"?>
<!-- Generated by org.testng.reporters.JUnitReportReporter -->
<testsuite hostname="LAPTOP-O1ONHJO3" failures="0" tests="10" name="com.testng.attributes.ThreadPoolSizeAttr" time="208.069" errors="0" timestamp="2023-12-09T06:10:27 IST" skipped="0">
  <testcase classname="com.testng.attributes.ThreadPoolSizeAttr" name="searchJava" time="26.602"/>
  <system-out/>
  <testcase classname="com.testng.attributes.ThreadPoolSizeAttr" name="searchJava" time="20.558"/>
  <system-out/>
  <testcase classname="com.testng.attributes.ThreadPoolSizeAttr" name="searchJava" time="26.311"/>
  <system-out/>
  <testcase classname="com.testng.attributes.ThreadPoolSizeAttr" name="searchJava" time="26.974"/>
  <system-out/>
  <testcase classname="com.testng.attributes.ThreadPoolSizeAttr" name="searchJava" time="9.168"/>
  <system-out/>
  <testcase classname="com.testng.attributes.ThreadPoolSizeAttr" name="searchJava" time="21.825"/>
  <system-out/>
  <testcase classname="com.testng.attributes.ThreadPoolSizeAttr" name="searchJava" time="25.549"/>
  <system-out/>
  <testcase classname="com.testng.attributes.ThreadPoolSizeAttr" name="searchJava" time="16.563"/>
  <system-out/>
  <testcase classname="com.testng.attributes.ThreadPoolSizeAttr" name="searchJava" time="17.294"/>
  <system-out/>
  <testcase classname="com.testng.attributes.ThreadPoolSizeAttr" name="searchJava" time="17.225"/>
  <system-out/>
</testsuite> <!-- com.testng.attributes.ThreadPoolSizeAttr -->
