<?xml version="1.0" encoding="UTF-8"?>
<!-- Generated by org.testng.reporters.JUnitReportReporter -->
<testsuite hostname="LAPTOP-O1ONHJO3" failures="0" tests="5" name="com.testng.groups.GroupsSample" time="0.031" errors="0" timestamp="2023-12-10T06:50:42 IST" skipped="0">
  <testcase classname="com.testng.groups.GroupsSample" name="test2" time="0.003"/>
  <system-out/>
  <testcase classname="com.testng.groups.GroupsSample" name="test3" time="0.003"/>
  <system-out/>
  <testcase classname="com.testng.groups.GroupsSample" name="test1" time="0.017"/>
  <system-out/>
  <testcase classname="com.testng.groups.GroupsSample" name="test5" time="0.004"/>
  <system-out/>
  <testcase classname="com.testng.groups.GroupsSample" name="test4" time="0.004"/>
  <system-out/>
</testsuite> <!-- com.testng.groups.GroupsSample -->
