<?xml version="1.0" encoding="UTF-8"?>
<!-- Generated by org.testng.reporters.JUnitReportReporter -->
<testsuite hostname="LAPTOP-O1ONHJO3" failures="0" tests="1" name="com.testng.parameter.dataprovider.ParametersSample" time="12.220" errors="0" timestamp="2023-12-09T07:01:45 IST" skipped="0">
  <testcase classname="com.testng.parameter.dataprovider.ParametersSample" name="amazonProductSearch" time="12.220"/>
  <system-out/>
</testsuite> <!-- com.testng.parameter.dataprovider.ParametersSample -->
