<?xml version="1.0" encoding="UTF-8"?>
<!-- Generated by org.testng.reporters.JUnitReportReporter -->
<testsuite hostname="LAPTOP-O1ONHJO3" failures="0" tests="2" name="com.testng.parameter.dataprovider.DataProviderSample" time="24.156" errors="0" timestamp="2023-12-10T06:09:53 IST" skipped="0">
  <testcase classname="com.testng.parameter.dataprovider.DataProviderSample" name="testMethod" time="11.684"/>
  <system-out/>
  <testcase classname="com.testng.parameter.dataprovider.DataProviderSample" name="testMethod" time="12.472"/>
  <system-out/>
</testsuite> <!-- com.testng.parameter.dataprovider.DataProviderSample -->
