<?xml version="1.0" encoding="UTF-8"?>
<!-- Generated by org.testng.reporters.JUnitReportReporter -->
<testsuite hostname="DESKTOP-L24NCKJ" failures="0" tests="1" name="com.testng.attributes.Description" time="0.013" errors="0" timestamp="2023-12-03T07:25:24 IST" skipped="0">
  <testcase classname="com.testng.attributes.Description" name="testDesc" time="0.013"/>
  <system-out/>
</testsuite> <!-- com.testng.attributes.Description -->
