<?xml version="1.0" encoding="UTF-8"?>
<!-- Generated by org.testng.reporters.JUnitReportReporter -->
<testsuite hostname="DESKTOP-L24NCKJ" failures="0" tests="2" name="com.testng.attributes.Enabled" time="0.017" errors="0" timestamp="2023-12-03T07:08:02 IST" skipped="1">
  <testcase classname="com.testng.attributes.Enabled" name="sample" time="0.017"/>
  <system-out/>
  <testcase classname="com.testng.attributes.Enabled" name="sample1">
    <skipped/>
  </testcase> <!-- sample1 -->
  <system-out/>
</testsuite> <!-- com.testng.attributes.Enabled -->
