<?xml version="1.0" encoding="UTF-8"?>
<!-- Generated by org.testng.reporters.JUnitReportReporter -->
<testsuite hostname="DESKTOP-L24NCKJ" failures="0" tests="2" name="com.testng.attributes.DependsOnMethods" time="0.004" errors="0" timestamp="2023-12-03T07:25:24 IST" skipped="0">
  <testcase classname="com.testng.attributes.DependsOnMethods" name="checkout" time="0.003"/>
  <system-out/>
  <testcase classname="com.testng.attributes.DependsOnMethods" name="addToCart" time="0.001"/>
  <system-out/>
</testsuite> <!-- com.testng.attributes.DependsOnMethods -->
