<?xml version="1.0" encoding="UTF-8"?>
<!-- Generated by org.testng.reporters.JUnitReportReporter -->
<testsuite hostname="DESKTOP-L24NCKJ" failures="0" tests="7" name="com.testng.attributes.Priority" time="0.032" errors="0" timestamp="2023-12-03T07:05:03 IST" skipped="0">
  <testcase classname="com.testng.attributes.Priority" name="sampleOne" time="0.018"/>
  <system-out/>
  <testcase classname="com.testng.attributes.Priority" name="sample" time="0.003"/>
  <system-out/>
  <testcase classname="com.testng.attributes.Priority" name="testt" time="0.001"/>
  <system-out/>
  <testcase classname="com.testng.attributes.Priority" name="tesi" time="0.002"/>
  <system-out/>
  <testcase classname="com.testng.attributes.Priority" name="testing" time="0.002"/>
  <system-out/>
  <testcase classname="com.testng.attributes.Priority" name="tesd" time="0.004"/>
  <system-out/>
  <testcase classname="com.testng.attributes.Priority" name="tea" time="0.002"/>
  <system-out/>
</testsuite> <!-- com.testng.attributes.Priority -->
